\BOOKMARK [1][-]{section.1}{1. View}{}% 1
\BOOKMARK [1][-]{section.2}{2. Solution Explorer}{}% 2
\BOOKMARK [2][-]{subsection.2.1}{2.1. Add New Project}{section.2}% 3
\BOOKMARK [2][-]{subsection.2.2}{2.2. Add Item}{section.2}% 4
\BOOKMARK [2][-]{subsection.2.3}{2.3. Collapse All}{section.2}% 5
\BOOKMARK [2][-]{subsection.2.4}{2.4. References}{section.2}% 6
\BOOKMARK [1][-]{section.3}{3. Project}{}% 7
\BOOKMARK [2][-]{subsection.3.1}{3.1. Open Project Properties}{section.3}% 8
\BOOKMARK [1][-]{section.4}{4. Code Lens}{}% 9
\BOOKMARK [1][-]{section.5}{5. Searching}{}% 10
\BOOKMARK [2][-]{subsection.5.1}{5.1. Control F}{section.5}% 11
\BOOKMARK [2][-]{subsection.5.2}{5.2. Control Shift F}{section.5}% 12
\BOOKMARK [1][-]{section.6}{6. Documents}{}% 13
\BOOKMARK [2][-]{subsection.6.1}{6.1. Free Floating}{section.6}% 14
\BOOKMARK [2][-]{subsection.6.2}{6.2. Type Dropdown}{section.6}% 15
\BOOKMARK [2][-]{subsection.6.3}{6.3. Method and Property Dropdown}{section.6}% 16
\BOOKMARK [1][-]{section.7}{7. Building}{}% 17
\BOOKMARK [2][-]{subsection.7.1}{7.1. Build}{section.7}% 18
\BOOKMARK [1][-]{section.8}{8. Debugging}{}% 19
\BOOKMARK [2][-]{subsection.8.1}{8.1. Set As Startup Project}{section.8}% 20
\BOOKMARK [2][-]{subsection.8.2}{8.2. Starting}{section.8}% 21
\BOOKMARK [2][-]{subsection.8.3}{8.3. Step Into And Step Over}{section.8}% 22
\BOOKMARK [2][-]{subsection.8.4}{8.4. Breakpoints}{section.8}% 23
\BOOKMARK [1][-]{section.9}{9. Analyze}{}% 24
\BOOKMARK [2][-]{subsection.9.1}{9.1. Code Analysis}{section.9}% 25
\BOOKMARK [2][-]{subsection.9.2}{9.2. Code Metrics}{section.9}% 26
\BOOKMARK [1][-]{section.10}{10. Immediate Window}{}% 27
