\BOOKMARK [1][-]{section.1}{1. History}{}% 1
\BOOKMARK [1][-]{section.2}{2. Coding Standards}{}% 2
\BOOKMARK [2][-]{subsection.2.1}{2.1. JsLint}{section.2}% 3
\BOOKMARK [2][-]{subsection.2.2}{2.2. Brackets}{section.2}% 4
\BOOKMARK [1][-]{section.3}{3. Functions}{}% 5
\BOOKMARK [1][-]{section.4}{4. Statement Endings}{}% 6
\BOOKMARK [2][-]{subsection.4.1}{4.1. Semicolons}{section.4}% 7
\BOOKMARK [2][-]{subsection.4.2}{4.2. Carriage Return}{section.4}% 8
\BOOKMARK [1][-]{section.5}{5. Operators}{}% 9
\BOOKMARK [2][-]{subsection.5.1}{5.1. === and !==}{section.5}% 10
\BOOKMARK [2][-]{subsection.5.2}{5.2. == and !=}{section.5}% 11
\BOOKMARK [1][-]{section.6}{6. Variables}{}% 12
\BOOKMARK [1][-]{section.7}{7. Functions}{}% 13
\BOOKMARK [1][-]{section.8}{8. Primitive Types}{}% 14
\BOOKMARK [2][-]{subsection.8.1}{8.1. Strings}{section.8}% 15
\BOOKMARK [2][-]{subsection.8.2}{8.2. Numbers}{section.8}% 16
\BOOKMARK [2][-]{subsection.8.3}{8.3. undefined}{section.8}% 17
\BOOKMARK [2][-]{subsection.8.4}{8.4. null}{section.8}% 18
\BOOKMARK [1][-]{section.9}{9. Objects}{}% 19
\BOOKMARK [2][-]{subsection.9.1}{9.1. Reference Types}{section.9}% 20
\BOOKMARK [2][-]{subsection.9.2}{9.2. Creating an Object}{section.9}% 21
\BOOKMARK [2][-]{subsection.9.3}{9.3. Arrays}{section.9}% 22
\BOOKMARK [1][-]{section.10}{10. Script Block}{}% 23
\BOOKMARK [1][-]{section.11}{11. JSON : JavaScript Object Notation}{}% 24
\BOOKMARK [2][-]{subsection.11.1}{11.1. Basic Example}{section.11}% 25
\BOOKMARK [2][-]{subsection.11.2}{11.2. Helpful Links}{section.11}% 26
