\BOOKMARK [1][-]{section.1}{1. Setup}{}% 1
\BOOKMARK [2][-]{subsection.1.1}{1.1. LINQPad}{section.1}% 2
\BOOKMARK [1][-]{section.2}{2. Data Types}{}% 3
\BOOKMARK [2][-]{subsection.2.1}{2.1. Value Types}{section.2}% 4
\BOOKMARK [2][-]{subsection.2.2}{2.2. Reference Types}{section.2}% 5
\BOOKMARK [2][-]{subsection.2.3}{2.3. Readonly Property}{section.2}% 6
\BOOKMARK [1][-]{section.3}{3. Functions}{}% 7
\BOOKMARK [2][-]{subsection.3.1}{3.1. Access Modifiers}{section.3}% 8
\BOOKMARK [2][-]{subsection.3.2}{3.2. Static}{section.3}% 9
\BOOKMARK [1][-]{section.4}{4. Generics}{}% 10
\BOOKMARK [2][-]{subsection.4.1}{4.1. Use}{section.4}% 11
\BOOKMARK [2][-]{subsection.4.2}{4.2. Syntax}{section.4}% 12
\BOOKMARK [1][-]{section.5}{5. Lambda Expressions}{}% 13
\BOOKMARK [2][-]{subsection.5.1}{5.1. Func<T>, Action<T>, and Predicate<T, bool>}{section.5}% 14
\BOOKMARK [1][-]{section.6}{6. Classes}{}% 15
\BOOKMARK [2][-]{subsection.6.1}{6.1. Basic Definition}{section.6}% 16
\BOOKMARK [2][-]{subsection.6.2}{6.2. Inheritance}{section.6}% 17
\BOOKMARK [2][-]{subsection.6.3}{6.3. Polymorphism}{section.6}% 18
\BOOKMARK [1][-]{section.7}{7. Structs}{}% 19
\BOOKMARK [2][-]{subsection.7.1}{7.1. Basic Definition}{section.7}% 20
\BOOKMARK [1][-]{section.8}{8. Namespaces}{}% 21
\BOOKMARK [2][-]{subsection.8.1}{8.1. Using}{section.8}% 22
\BOOKMARK [1][-]{section.9}{9. Interfaces}{}% 23
\BOOKMARK [2][-]{subsection.9.1}{9.1. Syntax}{section.9}% 24
\BOOKMARK [2][-]{subsection.9.2}{9.2. IEnumerable}{section.9}% 25
\BOOKMARK [1][-]{section.10}{10. Unmanaged Resources}{}% 26
\BOOKMARK [1][-]{section.11}{11. LINQ}{}% 27
\BOOKMARK [1][-]{section.12}{12. Error Handling}{}% 28
\BOOKMARK [2][-]{subsection.12.1}{12.1. Syntax}{section.12}% 29
\BOOKMARK [1][-]{section.13}{13. Creating Unit Tests}{}% 30
