\BOOKMARK [1][-]{section.1}{1. Creating a function}{}% 1
\BOOKMARK [2][-]{subsection.1.1}{1.1. Function with a name}{section.1}% 2
\BOOKMARK [2][-]{subsection.1.2}{1.2. Variable linking to a function}{section.1}% 3
\BOOKMARK [2][-]{subsection.1.3}{1.3. Anonymous Function}{section.1}% 4
\BOOKMARK [2][-]{subsection.1.4}{1.4. Returning a Function from a function}{section.1}% 5
\BOOKMARK [2][-]{subsection.1.5}{1.5. Passing a Function as an Argument}{section.1}% 6
\BOOKMARK [1][-]{section.2}{2. Multiple Programs in a Page}{}% 7
\BOOKMARK [2][-]{subsection.2.1}{2.1. Show How Two Programs can Interact}{section.2}% 8
\BOOKMARK [2][-]{subsection.2.2}{2.2. Have the First One Throw an Exception}{section.2}% 9
\BOOKMARK [1][-]{section.3}{3. Variables}{}% 10
\BOOKMARK [2][-]{subsection.3.1}{3.1. Create a Global Variable}{section.3}% 11
\BOOKMARK [2][-]{subsection.3.2}{3.2. Create a Local Variable}{section.3}% 12
\BOOKMARK [1][-]{section.4}{4. Arrays}{}% 13
\BOOKMARK [2][-]{subsection.4.1}{4.1. Create}{section.4}% 14
\BOOKMARK [2][-]{subsection.4.2}{4.2. Push}{section.4}% 15
\BOOKMARK [2][-]{subsection.4.3}{4.3. Pop}{section.4}% 16
\BOOKMARK [1][-]{section.5}{5. Brackets}{}% 17
\BOOKMARK [2][-]{subsection.5.1}{5.1. Return with brackets in wrong place}{section.5}% 18
\BOOKMARK [2][-]{subsection.5.2}{5.2. Return with brackets in correct place}{section.5}% 19
\BOOKMARK [1][-]{section.6}{6. Creating an Object}{}% 20
\BOOKMARK [2][-]{subsection.6.1}{6.1. Create an object}{section.6}% 21
\BOOKMARK [2][-]{subsection.6.2}{6.2. Create an object with Constructor}{section.6}% 22
\BOOKMARK [2][-]{subsection.6.3}{6.3. Adding it to Prototype}{section.6}% 23
\BOOKMARK [1][-]{section.7}{7. Closure}{}% 24
\BOOKMARK [2][-]{subsection.7.1}{7.1. Create an example}{section.7}% 25
